2019-07-06 00:33:49,347 - utils -INFO -Creating Transformer
2019-07-06 00:34:31,611 - utils -INFO -Processing done.
2019-07-06 00:34:31,720 - utils -INFO -New build created at: builds/libraries_19.json (    802.04 KB)
2019-07-06 00:34:34,306 - utils -INFO -Creating Transformer
2019-07-06 00:35:06,922 - utils -INFO -Creating Transformer
2019-07-06 00:35:47,456 - utils -INFO -Processing done.
2019-07-06 00:35:47,565 - utils -INFO -New build created at: builds/libraries_20.json (802.04 KB)
2019-07-06 00:36:26,330 - utils -INFO -Creating Transformer
2019-07-06 00:36:32,697 - utils -INFO -Downloading file from: https://api.cdnjs.com/libraries?fields=name,filename,description,assets
2019-07-06 00:36:32,700 - utils -INFO -Destination file: tmp/raw_libraries.json
2019-07-06 00:36:32,711 - utils -INFO -Unknown content-length
2019-07-06 00:36:39,227 - utils -INFO -
Download complete.
2019-07-06 00:37:21,857 - utils -INFO -Processing done.
2019-07-06 00:37:21,978 - utils -INFO -New build created at: builds/libraries_21.json (802.04 KB)
2019-07-06 00:39:20,007 - utils -INFO -Creating Transformer
2019-07-06 00:39:20,260 - utils -INFO -Downloading file from: https://api.cdnjs.com/libraries?fields=name,filename,description,assets
2019-07-06 00:39:20,279 - utils -INFO -Destination file: tmp/raw_libraries.json
2019-07-06 00:39:20,292 - utils -INFO -Unknown content-length
2019-07-06 00:39:26,565 - utils -INFO -Download complete.
2019-07-06 00:40:07,368 - utils -INFO -Processing done.
2019-07-06 00:40:07,480 - utils -INFO -New build created at: builds/libraries_22.json (802.04 KB)
INFO:utils:Creating Transformer
INFO:utils:Downloading file from: https://api.cdnjs.com/libraries?fields=name,filename,description,assets
INFO:utils:Destination file: tmp/raw_libraries.json
INFO:utils:Unknown content-length
INFO:utils:Download complete.
INFO:utils:Creating Transformer
INFO:utils:Creating Transformer
INFO:utils:Creating Transformer
INFO:utils:Downloading file from: https://api.cdnjs.com/libraries?fields=name,filename,description,assets
INFO:utils:Creating Transformer
INFO:utils:Downloading file from: https://api.cdnjs.com/libraries?fields=name,filename,description,assets
INFO:utils:Etag: W/"d4a14e7-70pAhFT3Hoc0FitYnqKMt3vgWDE"
INFO:utils:Destination file: tmp/raw_libraries.json
INFO:utils:Unknown content-length
INFO:utils:Download complete.
INFO:utils:Creating Transformer
INFO:utils:Downloading file from: https://api.cdnjs.com/libraries?fields=name,filename,description,assets
INFO:utils:Etag: W/"d4a14e7-70pAhFT3Hoc0FitYnqKMt3vgWDE"
INFO:utils:Already cached.
INFO:utils:Creating Transformer
INFO:utils:Downloading file from: https://api.cdnjs.com/libraries?fields=name,filename,description,assets
INFO:utils:Etag: W/"d4a14e7-70pAhFT3Hoc0FitYnqKMt3vgWDE"
INFO:utils:Destination file: tmp/raw_libraries.json
INFO:utils:Unknown content-length
INFO:utils:Download complete.
INFO:utils:Creating Transformer
INFO:utils:Downloading file from: https://api.cdnjs.com/libraries?fields=name,filename,description,assets
INFO:utils:Etag: W/"d4a14e7-70pAhFT3Hoc0FitYnqKMt3vgWDE"
INFO:utils:Already cached.
INFO:utils:Processing done.
INFO:utils:New build created at: builds/libraries_23.json (711.39 KB)
